<?xml version="1.0" encoding="UTF-8"?>
<testng-results ignored="0" total="1" passed="1" failed="0" skipped="0">
  <reporter-output>
  </reporter-output>
  <suite started-at="2025-12-26T23:07:23 GMT-06:00" name="Surefire suite" finished-at="2025-12-26T23:07:26 GMT-06:00" duration-ms="2403">
    <groups>
    </groups>
    <test started-at="2025-12-26T23:07:23 GMT-06:00" name="Surefire test" finished-at="2025-12-26T23:07:26 GMT-06:00" duration-ms="2403">
      <class name="com.demo.playwright.tests.SimpleTest">
        <test-method signature="testBrowser()[pri:0, instance:com.demo.playwright.tests.SimpleTest@60438a68]" started-at="2025-12-26T23:07:23 GMT-06:00" name="testBrowser" finished-at="2025-12-26T23:07:26 GMT-06:00" duration-ms="2390" status="PASS">
          <reporter-output>
          </reporter-output>
        </test-method> <!-- testBrowser -->
      </class> <!-- com.demo.playwright.tests.SimpleTest -->
    </test> <!-- Surefire test -->
  </suite> <!-- Surefire suite -->
</testng-results>
