<?xml version="1.0" encoding="UTF-8"?>
<!-- Generated by org.testng.reporters.JUnitXMLReporter -->
<testsuite ignored="0" hostname="Rohiths-MacBook-Air.local" failures="0" tests="2" name="InvoiceTests" time="4.913" errors="0" timestamp="2025-12-27T00:32:35 GMT-06:00">
  <testcase classname="com.demo.playwright.tests.InvoiceStatusTest" name="invoiceShouldBePaid" time="1.085"/>
  <testcase classname="com.demo.playwright.tests.InvoiceStatusTest" name="invoiceShouldBePending" time="1.051"/>
</testsuite> <!-- InvoiceTests -->
