<?xml version="1.0" encoding="UTF-8"?>
<testsuite xmlns:xsi="http://www.w3.org/2001/XMLSchema-instance" xsi:noNamespaceSchemaLocation="https://maven.apache.org/surefire/maven-surefire-plugin/xsd/surefire-test-report.xsd" version="3.0.2" name="TestSuite" time="7.522" tests="2" errors="0" skipped="0" failures="0">
  <properties>
[...]
</properties>
  <testcase name="invoiceShouldBePaid" classname="com.demo.playwright.tests.InvoiceStatusTest" time="1.082">
    <system-out><![CDATA[🚀 LAUNCHING BROWSER...
✅ BROWSER LAUNCHED!
📄 NEW PAGE...
✅ PAGE READY!
API: Creating invoice PAID-1001
]]></system-out>
    <system-err><![CDATA[SLF4J: Failed to load class "org.slf4j.impl.StaticLoggerBinder".
SLF4J: Defaulting to no-operation (NOP) logger implementation
SLF4J: See http://www.slf4j.org/codes.html#StaticLoggerBinder for further details.
]]></system-err>
  </testcase>
  <testcase name="invoiceShouldBePending" classname="com.demo.playwright.tests.InvoiceStatusTest" time="1.048">
    <system-out><![CDATA[📄 NEW PAGE...
✅ PAGE READY!
API: Creating invoice PENDING-2001
]]></system-out>
  </testcase>
</testsuite>