<?xml version="1.0" encoding="UTF-8"?>
<testng-results ignored="0" total="2" passed="2" failed="0" skipped="0">
  <reporter-output>
  </reporter-output>
  <suite started-at="2025-12-27T00:32:30 GMT-06:00" name="BillingSuite" finished-at="2025-12-27T00:32:35 GMT-06:00" duration-ms="4913">
    <groups>
    </groups>
    <test started-at="2025-12-27T00:32:30 GMT-06:00" name="InvoiceTests" finished-at="2025-12-27T00:32:35 GMT-06:00" duration-ms="4913">
      <class name="com.demo.playwright.tests.InvoiceStatusTest">
        <test-method is-config="true" signature="launchBrowser()[pri:0, instance:com.demo.playwright.tests.InvoiceStatusTest@3c153a1]" started-at="2025-12-27T00:32:27 GMT-06:00" name="launchBrowser" finished-at="2025-12-27T00:32:30 GMT-06:00" duration-ms="2348" status="PASS">
          <reporter-output>
          </reporter-output>
        </test-method> <!-- launchBrowser -->
        <test-method is-config="true" signature="setupPage()[pri:0, instance:com.demo.playwright.tests.InvoiceStatusTest@3c153a1]" started-at="2025-12-27T00:32:30 GMT-06:00" name="setupPage" finished-at="2025-12-27T00:32:31 GMT-06:00" duration-ms="1481" status="PASS">
          <reporter-output>
          </reporter-output>
        </test-method> <!-- setupPage -->
        <test-method signature="invoiceShouldBePaid()[pri:0, instance:com.demo.playwright.tests.InvoiceStatusTest@3c153a1]" started-at="2025-12-27T00:32:31 GMT-06:00" name="invoiceShouldBePaid" finished-at="2025-12-27T00:32:32 GMT-06:00" duration-ms="1085" status="PASS">
          <reporter-output>
          </reporter-output>
        </test-method> <!-- invoiceShouldBePaid -->
        <test-method is-config="true" signature="teardownPage()[pri:0, instance:com.demo.playwright.tests.InvoiceStatusTest@3c153a1]" started-at="2025-12-27T00:32:32 GMT-06:00" name="teardownPage" finished-at="2025-12-27T00:32:32 GMT-06:00" duration-ms="32" status="PASS">
          <reporter-output>
          </reporter-output>
        </test-method> <!-- teardownPage -->
        <test-method is-config="true" signature="setupPage()[pri:0, instance:com.demo.playwright.tests.InvoiceStatusTest@3c153a1]" started-at="2025-12-27T00:32:32 GMT-06:00" name="setupPage" finished-at="2025-12-27T00:32:34 GMT-06:00" duration-ms="1220" status="PASS">
          <reporter-output>
          </reporter-output>
        </test-method> <!-- setupPage -->
        <test-method signature="invoiceShouldBePending()[pri:0, instance:com.demo.playwright.tests.InvoiceStatusTest@3c153a1]" started-at="2025-12-27T00:32:34 GMT-06:00" name="invoiceShouldBePending" finished-at="2025-12-27T00:32:35 GMT-06:00" duration-ms="1051" status="PASS">
          <reporter-output>
          </reporter-output>
        </test-method> <!-- invoiceShouldBePending -->
        <test-method is-config="true" signature="teardownPage()[pri:0, instance:com.demo.playwright.tests.InvoiceStatusTest@3c153a1]" started-at="2025-12-27T00:32:35 GMT-06:00" name="teardownPage" finished-at="2025-12-27T00:32:35 GMT-06:00" duration-ms="22" status="PASS">
          <reporter-output>
          </reporter-output>
        </test-method> <!-- teardownPage -->
        <test-method is-config="true" signature="closeBrowser()[pri:0, instance:com.demo.playwright.tests.InvoiceStatusTest@3c153a1]" started-at="2025-12-27T00:32:35 GMT-06:00" name="closeBrowser" finished-at="2025-12-27T00:32:35 GMT-06:00" duration-ms="62" status="PASS">
          <reporter-output>
          </reporter-output>
        </test-method> <!-- closeBrowser -->
      </class> <!-- com.demo.playwright.tests.InvoiceStatusTest -->
    </test> <!-- InvoiceTests -->
  </suite> <!-- BillingSuite -->
</testng-results>
