<?xml version="1.0" encoding="UTF-8"?>
<!-- Generated by org.testng.reporters.JUnitReportReporter -->
<testsuite hostname="Rohiths-MacBook-Air.local" failures="0" tests="2" name="com.demo.playwright.tests.InvoiceStatusTest" time="4.891" errors="0" timestamp="2025-12-27T00:32:35 GMT-06:00" skipped="0">
  <testcase classname="com.demo.playwright.tests.InvoiceStatusTest" name="invoiceShouldBePending" time="2.564"/>
  <testcase classname="com.demo.playwright.tests.InvoiceStatusTest" name="invoiceShouldBePaid" time="2.327"/>
</testsuite> <!-- com.demo.playwright.tests.InvoiceStatusTest -->
